Analysis & Synthesis report for Main
Tue Apr 29 13:25:15 2025
Quartus Prime Version 23.1std.1 Build 993 05/14/2024 SC Lite Edition


---------------------
; Table of Contents ;
---------------------
  1. Legal Notice
  2. Analysis & Synthesis Summary
  3. Analysis & Synthesis Settings
  4. Parallel Compilation
  5. Analysis & Synthesis Source Files Read
  6. Analysis & Synthesis Resource Usage Summary
  7. Analysis & Synthesis Resource Utilization by Entity
  8. Analysis & Synthesis RAM Summary
  9. Analysis & Synthesis IP Cores Summary
 10. Registers Removed During Synthesis
 11. General Register Statistics
 12. Multiplexer Restructuring Statistics (Restructuring Performed)
 13. Source assignments for Top-level Entity: |Main
 14. Source assignments for Memoria:frame_buffer|Memory:Memory_inst|altsyncram:altsyncram_component|altsyncram_6fn3:auto_generated
 15. Parameter Settings for User Entity Instance: Memoria:frame_buffer|Memory:Memory_inst|altsyncram:altsyncram_component
 16. altsyncram Parameter Settings by Entity Instance
 17. Port Connectivity Checks: "Memoria:frame_buffer|Memory:Memory_inst"
 18. Port Connectivity Checks: "Rxdata:rx_cam"
 19. Post-Synthesis Netlist Statistics for Top Partition
 20. Elapsed Time Per Partition
 21. Analysis & Synthesis Messages



----------------
; Legal Notice ;
----------------
Copyright (C) 2024  Intel Corporation. All rights reserved.
Your use of Intel Corporation's design tools, logic functions 
and other software and tools, and any partner logic 
functions, and any output files from any of the foregoing 
(including device programming or simulation files), and any 
associated documentation or information are expressly subject 
to the terms and conditions of the Intel Program License 
Subscription Agreement, the Intel Quartus Prime License Agreement,
the Intel FPGA IP License Agreement, or other applicable license
agreement, including, without limitation, that your use is for
the sole purpose of programming logic devices manufactured by
Intel and sold by Intel or its authorized distributors.  Please
refer to the applicable agreement for further details, at
https://fpgasoftware.intel.com/eula.



+-------------------------------------------------------------------------------------+
; Analysis & Synthesis Summary                                                        ;
+------------------------------------+------------------------------------------------+
; Analysis & Synthesis Status        ; Successful - Tue Apr 29 13:25:15 2025          ;
; Quartus Prime Version              ; 23.1std.1 Build 993 05/14/2024 SC Lite Edition ;
; Revision Name                      ; Main                                           ;
; Top-level Entity Name              ; Main                                           ;
; Family                             ; MAX 10                                         ;
; Total logic elements               ; 316                                            ;
;     Total combinational functions  ; 267                                            ;
;     Dedicated logic registers      ; 166                                            ;
; Total registers                    ; 166                                            ;
; Total pins                         ; 27                                             ;
; Total virtual pins                 ; 0                                              ;
; Total memory bits                  ; 307,200                                        ;
; Embedded Multiplier 9-bit elements ; 0                                              ;
; Total PLLs                         ; 0                                              ;
; UFM blocks                         ; 0                                              ;
; ADC blocks                         ; 0                                              ;
+------------------------------------+------------------------------------------------+


+------------------------------------------------------------------------------------------------------------+
; Analysis & Synthesis Settings                                                                              ;
+------------------------------------------------------------------+--------------------+--------------------+
; Option                                                           ; Setting            ; Default Value      ;
+------------------------------------------------------------------+--------------------+--------------------+
; Device                                                           ; 10M50DAF484C7G     ;                    ;
; Top-level entity name                                            ; Main               ; Main               ;
; Family name                                                      ; MAX 10             ; Cyclone V          ;
; Use smart compilation                                            ; Off                ; Off                ;
; Enable parallel Assembler and Timing Analyzer during compilation ; On                 ; On                 ;
; Enable compact report table                                      ; Off                ; Off                ;
; Restructure Multiplexers                                         ; Auto               ; Auto               ;
; Create Debugging Nodes for IP Cores                              ; Off                ; Off                ;
; Preserve fewer node names                                        ; On                 ; On                 ;
; Intel FPGA IP Evaluation Mode                                    ; Enable             ; Enable             ;
; Verilog Version                                                  ; Verilog_2001       ; Verilog_2001       ;
; VHDL Version                                                     ; VHDL_1993          ; VHDL_1993          ;
; State Machine Processing                                         ; Auto               ; Auto               ;
; Safe State Machine                                               ; Off                ; Off                ;
; Extract Verilog State Machines                                   ; On                 ; On                 ;
; Extract VHDL State Machines                                      ; On                 ; On                 ;
; Ignore Verilog initial constructs                                ; Off                ; Off                ;
; Iteration limit for constant Verilog loops                       ; 5000               ; 5000               ;
; Iteration limit for non-constant Verilog loops                   ; 250                ; 250                ;
; Add Pass-Through Logic to Inferred RAMs                          ; On                 ; On                 ;
; Infer RAMs from Raw Logic                                        ; On                 ; On                 ;
; Parallel Synthesis                                               ; On                 ; On                 ;
; DSP Block Balancing                                              ; Auto               ; Auto               ;
; NOT Gate Push-Back                                               ; On                 ; On                 ;
; Power-Up Don't Care                                              ; On                 ; On                 ;
; Remove Redundant Logic Cells                                     ; Off                ; Off                ;
; Remove Duplicate Registers                                       ; On                 ; On                 ;
; Ignore CARRY Buffers                                             ; Off                ; Off                ;
; Ignore CASCADE Buffers                                           ; Off                ; Off                ;
; Ignore GLOBAL Buffers                                            ; Off                ; Off                ;
; Ignore ROW GLOBAL Buffers                                        ; Off                ; Off                ;
; Ignore LCELL Buffers                                             ; Off                ; Off                ;
; Ignore SOFT Buffers                                              ; On                 ; On                 ;
; Limit AHDL Integers to 32 Bits                                   ; Off                ; Off                ;
; Optimization Technique                                           ; Balanced           ; Balanced           ;
; Carry Chain Length                                               ; 70                 ; 70                 ;
; Auto Carry Chains                                                ; On                 ; On                 ;
; Auto Open-Drain Pins                                             ; On                 ; On                 ;
; Perform WYSIWYG Primitive Resynthesis                            ; Off                ; Off                ;
; Auto ROM Replacement                                             ; On                 ; On                 ;
; Auto RAM Replacement                                             ; On                 ; On                 ;
; Auto DSP Block Replacement                                       ; On                 ; On                 ;
; Auto Shift Register Replacement                                  ; Auto               ; Auto               ;
; Allow Shift Register Merging across Hierarchies                  ; Auto               ; Auto               ;
; Auto Clock Enable Replacement                                    ; On                 ; On                 ;
; Strict RAM Replacement                                           ; Off                ; Off                ;
; Allow Synchronous Control Signals                                ; On                 ; On                 ;
; Force Use of Synchronous Clear Signals                           ; Off                ; Off                ;
; Auto RAM Block Balancing                                         ; On                 ; On                 ;
; Auto RAM to Logic Cell Conversion                                ; Off                ; Off                ;
; Auto Resource Sharing                                            ; Off                ; Off                ;
; Allow Any RAM Size For Recognition                               ; Off                ; Off                ;
; Allow Any ROM Size For Recognition                               ; Off                ; Off                ;
; Allow Any Shift Register Size For Recognition                    ; Off                ; Off                ;
; Use LogicLock Constraints during Resource Balancing              ; On                 ; On                 ;
; Ignore translate_off and synthesis_off directives                ; Off                ; Off                ;
; Timing-Driven Synthesis                                          ; On                 ; On                 ;
; Report Parameter Settings                                        ; On                 ; On                 ;
; Report Source Assignments                                        ; On                 ; On                 ;
; Report Connectivity Checks                                       ; On                 ; On                 ;
; Ignore Maximum Fan-Out Assignments                               ; Off                ; Off                ;
; Synchronization Register Chain Length                            ; 2                  ; 2                  ;
; Power Optimization During Synthesis                              ; Normal compilation ; Normal compilation ;
; HDL message level                                                ; Level2             ; Level2             ;
; Suppress Register Optimization Related Messages                  ; Off                ; Off                ;
; Number of Removed Registers Reported in Synthesis Report         ; 5000               ; 5000               ;
; Number of Swept Nodes Reported in Synthesis Report               ; 5000               ; 5000               ;
; Number of Inverted Registers Reported in Synthesis Report        ; 100                ; 100                ;
; Clock MUX Protection                                             ; On                 ; On                 ;
; Auto Gated Clock Conversion                                      ; Off                ; Off                ;
; Block Design Naming                                              ; Auto               ; Auto               ;
; SDC constraint protection                                        ; Off                ; Off                ;
; Synthesis Effort                                                 ; Auto               ; Auto               ;
; Shift Register Replacement - Allow Asynchronous Clear Signal     ; On                 ; On                 ;
; Pre-Mapping Resynthesis Optimization                             ; Off                ; Off                ;
; Analysis & Synthesis Message Level                               ; Medium             ; Medium             ;
; Disable Register Merging Across Hierarchies                      ; Auto               ; Auto               ;
; Resource Aware Inference For Block RAM                           ; On                 ; On                 ;
+------------------------------------------------------------------+--------------------+--------------------+


+------------------------------------------+
; Parallel Compilation                     ;
+----------------------------+-------------+
; Processors                 ; Number      ;
+----------------------------+-------------+
; Number detected on machine ; 12          ;
; Maximum allowed            ; 6           ;
;                            ;             ;
; Average used               ; 1.00        ;
; Maximum used               ; 6           ;
;                            ;             ;
; Usage by Processor         ; % Time Used ;
;     Processor 1            ; 100.0%      ;
;     Processors 2-6         ;   0.0%      ;
+----------------------------+-------------+


+-------------------------------------------------------------------------------------------------------------------------------------------------------------------------------+
; Analysis & Synthesis Source Files Read                                                                                                                                        ;
+----------------------------------+-----------------+------------------------------+---------------------------------------------------------------------------------+---------+
; File Name with User-Entered Path ; Used in Netlist ; File Type                    ; File Name with Absolute Path                                                    ; Library ;
+----------------------------------+-----------------+------------------------------+---------------------------------------------------------------------------------+---------+
; Main.vhd                         ; yes             ; User VHDL File               ; C:/FPGA/Proy(mod)/Main.vhd                                                      ;         ;
; Rxdata.vhd                       ; yes             ; User VHDL File               ; C:/FPGA/Proy(mod)/Rxdata.vhd                                                    ;         ;
; Memory.vhd                       ; yes             ; User Wizard-Generated File   ; C:/FPGA/Proy(mod)/Memory.vhd                                                    ;         ;
; memoria.vhd                      ; yes             ; Auto-Found VHDL File         ; C:/FPGA/Proy(mod)/memoria.vhd                                                   ;         ;
; altsyncram.tdf                   ; yes             ; Megafunction                 ; c:/intelfpga_lite/23.1std/quartus/libraries/megafunctions/altsyncram.tdf        ;         ;
; stratix_ram_block.inc            ; yes             ; Megafunction                 ; c:/intelfpga_lite/23.1std/quartus/libraries/megafunctions/stratix_ram_block.inc ;         ;
; lpm_mux.inc                      ; yes             ; Megafunction                 ; c:/intelfpga_lite/23.1std/quartus/libraries/megafunctions/lpm_mux.inc           ;         ;
; lpm_decode.inc                   ; yes             ; Megafunction                 ; c:/intelfpga_lite/23.1std/quartus/libraries/megafunctions/lpm_decode.inc        ;         ;
; aglobal231.inc                   ; yes             ; Megafunction                 ; c:/intelfpga_lite/23.1std/quartus/libraries/megafunctions/aglobal231.inc        ;         ;
; a_rdenreg.inc                    ; yes             ; Megafunction                 ; c:/intelfpga_lite/23.1std/quartus/libraries/megafunctions/a_rdenreg.inc         ;         ;
; altrom.inc                       ; yes             ; Megafunction                 ; c:/intelfpga_lite/23.1std/quartus/libraries/megafunctions/altrom.inc            ;         ;
; altram.inc                       ; yes             ; Megafunction                 ; c:/intelfpga_lite/23.1std/quartus/libraries/megafunctions/altram.inc            ;         ;
; altdpram.inc                     ; yes             ; Megafunction                 ; c:/intelfpga_lite/23.1std/quartus/libraries/megafunctions/altdpram.inc          ;         ;
; db/altsyncram_6fn3.tdf           ; yes             ; Auto-Generated Megafunction  ; C:/FPGA/Proy(mod)/db/altsyncram_6fn3.tdf                                        ;         ;
; db/decode_79a.tdf                ; yes             ; Auto-Generated Megafunction  ; C:/FPGA/Proy(mod)/db/decode_79a.tdf                                             ;         ;
; db/mux_g3b.tdf                   ; yes             ; Auto-Generated Megafunction  ; C:/FPGA/Proy(mod)/db/mux_g3b.tdf                                                ;         ;
; vga_controller.vhd               ; yes             ; Auto-Found VHDL File         ; C:/FPGA/Proy(mod)/vga_controller.vhd                                            ;         ;
+----------------------------------+-----------------+------------------------------+---------------------------------------------------------------------------------+---------+


+---------------------------------------------------------+
; Analysis & Synthesis Resource Usage Summary             ;
+---------------------------------------------+-----------+
; Resource                                    ; Usage     ;
+---------------------------------------------+-----------+
; Estimated Total logic elements              ; 316       ;
;                                             ;           ;
; Total combinational functions               ; 267       ;
; Logic element usage by number of LUT inputs ;           ;
;     -- 4 input functions                    ; 96        ;
;     -- 3 input functions                    ; 51        ;
;     -- <=2 input functions                  ; 120       ;
;                                             ;           ;
; Logic elements by mode                      ;           ;
;     -- normal mode                          ; 148       ;
;     -- arithmetic mode                      ; 119       ;
;                                             ;           ;
; Total registers                             ; 166       ;
;     -- Dedicated logic registers            ; 166       ;
;     -- I/O registers                        ; 0         ;
;                                             ;           ;
; I/O pins                                    ; 27        ;
; Total memory bits                           ; 307200    ;
;                                             ;           ;
; Embedded Multiplier 9-bit elements          ; 0         ;
;                                             ;           ;
; Maximum fan-out node                        ; clk~input ;
; Maximum fan-out                             ; 85        ;
; Total fan-out                               ; 2320      ;
; Average fan-out                             ; 4.42      ;
+---------------------------------------------+-----------+


+----------------------------------------------------------------------------------------------------------------------------------------------------------------------------------------------------------------------------------------------------------------------------------------------------------------------------------------------------------------------+
; Analysis & Synthesis Resource Utilization by Entity                                                                                                                                                                                                                                                                                                                  ;
+----------------------------------------------+---------------------+---------------------------+-------------+------------+--------------+---------+-----------+------+--------------+------------+---------------------------------------------------------------------------------------------------------------------------------+-----------------+--------------+
; Compilation Hierarchy Node                   ; Combinational ALUTs ; Dedicated Logic Registers ; Memory Bits ; UFM Blocks ; DSP Elements ; DSP 9x9 ; DSP 18x18 ; Pins ; Virtual Pins ; ADC blocks ; Full Hierarchy Name                                                                                                             ; Entity Name     ; Library Name ;
+----------------------------------------------+---------------------+---------------------------+-------------+------------+--------------+---------+-----------+------+--------------+------------+---------------------------------------------------------------------------------------------------------------------------------+-----------------+--------------+
; |Main                                        ; 267 (0)             ; 166 (0)                   ; 307200      ; 0          ; 0            ; 0       ; 0         ; 27   ; 0            ; 0          ; |Main                                                                                                                           ; Main            ; work         ;
;    |Memoria:frame_buffer|                    ; 133 (66)            ; 64 (52)                   ; 307200      ; 0          ; 0            ; 0       ; 0         ; 0    ; 0            ; 0          ; |Main|Memoria:frame_buffer                                                                                                      ; Memoria         ; work         ;
;       |Memory:Memory_inst|                   ; 67 (0)              ; 12 (0)                    ; 307200      ; 0          ; 0            ; 0       ; 0         ; 0    ; 0            ; 0          ; |Main|Memoria:frame_buffer|Memory:Memory_inst                                                                                   ; Memory          ; work         ;
;          |altsyncram:altsyncram_component|   ; 67 (0)              ; 12 (0)                    ; 307200      ; 0          ; 0            ; 0       ; 0         ; 0    ; 0            ; 0          ; |Main|Memoria:frame_buffer|Memory:Memory_inst|altsyncram:altsyncram_component                                                   ; altsyncram      ; work         ;
;             |altsyncram_6fn3:auto_generated| ; 67 (0)              ; 12 (12)                   ; 307200      ; 0          ; 0            ; 0       ; 0         ; 0    ; 0            ; 0          ; |Main|Memoria:frame_buffer|Memory:Memory_inst|altsyncram:altsyncram_component|altsyncram_6fn3:auto_generated                    ; altsyncram_6fn3 ; work         ;
;                |decode_79a:decode2|          ; 44 (44)             ; 0 (0)                     ; 0           ; 0          ; 0            ; 0       ; 0         ; 0    ; 0            ; 0          ; |Main|Memoria:frame_buffer|Memory:Memory_inst|altsyncram:altsyncram_component|altsyncram_6fn3:auto_generated|decode_79a:decode2 ; decode_79a      ; work         ;
;                |mux_g3b:mux3|                ; 23 (23)             ; 0 (0)                     ; 0           ; 0          ; 0            ; 0       ; 0         ; 0    ; 0            ; 0          ; |Main|Memoria:frame_buffer|Memory:Memory_inst|altsyncram:altsyncram_component|altsyncram_6fn3:auto_generated|mux_g3b:mux3       ; mux_g3b         ; work         ;
;    |Rxdata:rx_cam|                           ; 60 (60)             ; 48 (48)                   ; 0           ; 0          ; 0            ; 0       ; 0         ; 0    ; 0            ; 0          ; |Main|Rxdata:rx_cam                                                                                                             ; Rxdata          ; work         ;
;    |VGA_controller:vga|                      ; 74 (74)             ; 54 (54)                   ; 0           ; 0          ; 0            ; 0       ; 0         ; 0    ; 0            ; 0          ; |Main|VGA_controller:vga                                                                                                        ; VGA_controller  ; work         ;
+----------------------------------------------+---------------------+---------------------------+-------------+------------+--------------+---------+-----------+------+--------------+------------+---------------------------------------------------------------------------------------------------------------------------------+-----------------+--------------+
Note: For table entries with two numbers listed, the numbers in parentheses indicate the number of resources of the given type used by the specific entity alone. The numbers listed outside of parentheses indicate the total resources of the given type used by the specific entity and all of its sub-entities in the hierarchy.


+-------------------------------------------------------------------------------------------------------------------------------------------------------------------------------------------------------------------------+
; Analysis & Synthesis RAM Summary                                                                                                                                                                                        ;
+-------------------------------------------------------------------------------------------------------------------+------+------------------+--------------+--------------+--------------+--------------+--------+------+
; Name                                                                                                              ; Type ; Mode             ; Port A Depth ; Port A Width ; Port B Depth ; Port B Width ; Size   ; MIF  ;
+-------------------------------------------------------------------------------------------------------------------+------+------------------+--------------+--------------+--------------+--------------+--------+------+
; Memoria:frame_buffer|Memory:Memory_inst|altsyncram:altsyncram_component|altsyncram_6fn3:auto_generated|ALTSYNCRAM ; AUTO ; Simple Dual Port ; 307200       ; 1            ; 307200       ; 1            ; 307200 ; None ;
+-------------------------------------------------------------------------------------------------------------------+------+------------------+--------------+--------------+--------------+--------------+--------+------+


+---------------------------------------------------------------------------------------------------------------------------------+
; Analysis & Synthesis IP Cores Summary                                                                                           ;
+--------+--------------+---------+--------------+--------------+-----------------------------------------------+-----------------+
; Vendor ; IP Core Name ; Version ; Release Date ; License Type ; Entity Instance                               ; IP Include File ;
+--------+--------------+---------+--------------+--------------+-----------------------------------------------+-----------------+
; Altera ; RAM: 2-PORT  ; 23.1    ; N/A          ; N/A          ; |Main|Memoria:frame_buffer|Memory:Memory_inst ; Memory.vhd      ;
+--------+--------------+---------+--------------+--------------+-----------------------------------------------+-----------------+


+-----------------------------------------------------------------------------------+
; Registers Removed During Synthesis                                                ;
+------------------------------------------+----------------------------------------+
; Register name                            ; Reason for Removal                     ;
+------------------------------------------+----------------------------------------+
; Rxdata:rx_cam|est[2..9,11..31]           ; Merged with Rxdata:rx_cam|est[10]      ;
; Rxdata:rx_cam|d_reg[0..6]                ; Lost fanout                            ;
; Rxdata:rx_cam|est[10]                    ; Stuck at GND due to stuck port data_in ;
; Memoria:frame_buffer|\reloj_cam:count[0] ; Merged with Rxdata:rx_cam|oclk_r       ;
; Total Number of Removed Registers = 38   ;                                        ;
+------------------------------------------+----------------------------------------+


+------------------------------------------------------+
; General Register Statistics                          ;
+----------------------------------------------+-------+
; Statistic                                    ; Value ;
+----------------------------------------------+-------+
; Total registers                              ; 166   ;
; Number of registers using Synchronous Clear  ; 34    ;
; Number of registers using Synchronous Load   ; 0     ;
; Number of registers using Asynchronous Clear ; 0     ;
; Number of registers using Asynchronous Load  ; 0     ;
; Number of registers using Clock Enable       ; 50    ;
; Number of registers using Preset             ; 0     ;
+----------------------------------------------+-------+


+--------------------------------------------------------------------------------------------------------------------------------------------+
; Multiplexer Restructuring Statistics (Restructuring Performed)                                                                             ;
+--------------------+-----------+---------------+----------------------+------------------------+------------+------------------------------+
; Multiplexer Inputs ; Bus Width ; Baseline Area ; Area if Restructured ; Saving if Restructured ; Registered ; Example Multiplexer Output   ;
+--------------------+-----------+---------------+----------------------+------------------------+------------+------------------------------+
; 5:1                ; 9 bits    ; 27 LEs        ; 9 LEs                ; 18 LEs                 ; Yes        ; |Main|Rxdata:rx_cam|vcont[1] ;
; 7:1                ; 2 bits    ; 8 LEs         ; 4 LEs                ; 4 LEs                  ; Yes        ; |Main|Rxdata:rx_cam|est[0]   ;
+--------------------+-----------+---------------+----------------------+------------------------+------------+------------------------------+


+------------------------------------------------+
; Source assignments for Top-level Entity: |Main ;
+------------+----------+------+-----------------+
; Assignment ; Value    ; From ; To              ;
+------------+----------+------+-----------------+
; LOCATION   ; Pin_AA15 ; -    ; D[7]            ;
; LOCATION   ; Pin_W13  ; -    ; D[6]            ;
; LOCATION   ; Pin_AB13 ; -    ; D[5]            ;
; LOCATION   ; Pin_Y11  ; -    ; D[4]            ;
; LOCATION   ; Pin_W11  ; -    ; D[3]            ;
; LOCATION   ; Pin_AA10 ; -    ; D[2]            ;
; LOCATION   ; Pin_Y8   ; -    ; D[1]            ;
; LOCATION   ; Pin_Y7   ; -    ; D[0]            ;
; LOCATION   ; Pin_AA1  ; -    ; R[3]            ;
; LOCATION   ; Pin_V1   ; -    ; R[2]            ;
; LOCATION   ; Pin_Y2   ; -    ; R[1]            ;
; LOCATION   ; Pin_Y1   ; -    ; R[0]            ;
; LOCATION   ; Pin_W1   ; -    ; G[3]            ;
; LOCATION   ; Pin_T2   ; -    ; G[2]            ;
; LOCATION   ; Pin_R2   ; -    ; G[1]            ;
; LOCATION   ; Pin_R1   ; -    ; G[0]            ;
; LOCATION   ; Pin_P1   ; -    ; B[3]            ;
; LOCATION   ; Pin_T1   ; -    ; B[2]            ;
; LOCATION   ; Pin_P4   ; -    ; B[1]            ;
; LOCATION   ; Pin_N2   ; -    ; B[0]            ;
; LOCATION   ; Pin_N14  ; -    ; clk             ;
; LOCATION   ; Pin_W9   ; -    ; pclk            ;
; LOCATION   ; Pin_W8   ; -    ; VSYNC           ;
; LOCATION   ; Pin_W7   ; -    ; HREF            ;
; LOCATION   ; Pin_N3   ; -    ; Hsync_VGA       ;
; LOCATION   ; Pin_N1   ; -    ; Vsync_VGA       ;
; LOCATION   ; Pin_W10  ; -    ; oclk            ;
+------------+----------+------+-----------------+


+-------------------------------------------------------------------------------------------------------------------------------+
; Source assignments for Memoria:frame_buffer|Memory:Memory_inst|altsyncram:altsyncram_component|altsyncram_6fn3:auto_generated ;
+---------------------------------+--------------------+------+-----------------------------------------------------------------+
; Assignment                      ; Value              ; From ; To                                                              ;
+---------------------------------+--------------------+------+-----------------------------------------------------------------+
; OPTIMIZE_POWER_DURING_SYNTHESIS ; NORMAL_COMPILATION ; -    ; -                                                               ;
+---------------------------------+--------------------+------+-----------------------------------------------------------------+


+----------------------------------------------------------------------------------------------------------------------+
; Parameter Settings for User Entity Instance: Memoria:frame_buffer|Memory:Memory_inst|altsyncram:altsyncram_component ;
+------------------------------------+----------------------+----------------------------------------------------------+
; Parameter Name                     ; Value                ; Type                                                     ;
+------------------------------------+----------------------+----------------------------------------------------------+
; BYTE_SIZE_BLOCK                    ; 8                    ; Untyped                                                  ;
; AUTO_CARRY_CHAINS                  ; ON                   ; AUTO_CARRY                                               ;
; IGNORE_CARRY_BUFFERS               ; OFF                  ; IGNORE_CARRY                                             ;
; AUTO_CASCADE_CHAINS                ; ON                   ; AUTO_CASCADE                                             ;
; IGNORE_CASCADE_BUFFERS             ; OFF                  ; IGNORE_CASCADE                                           ;
; WIDTH_BYTEENA                      ; 1                    ; Untyped                                                  ;
; OPERATION_MODE                     ; DUAL_PORT            ; Untyped                                                  ;
; WIDTH_A                            ; 1                    ; Signed Integer                                           ;
; WIDTHAD_A                          ; 19                   ; Signed Integer                                           ;
; NUMWORDS_A                         ; 307200               ; Signed Integer                                           ;
; OUTDATA_REG_A                      ; UNREGISTERED         ; Untyped                                                  ;
; ADDRESS_ACLR_A                     ; NONE                 ; Untyped                                                  ;
; OUTDATA_ACLR_A                     ; NONE                 ; Untyped                                                  ;
; WRCONTROL_ACLR_A                   ; NONE                 ; Untyped                                                  ;
; INDATA_ACLR_A                      ; NONE                 ; Untyped                                                  ;
; BYTEENA_ACLR_A                     ; NONE                 ; Untyped                                                  ;
; WIDTH_B                            ; 1                    ; Signed Integer                                           ;
; WIDTHAD_B                          ; 19                   ; Signed Integer                                           ;
; NUMWORDS_B                         ; 307200               ; Signed Integer                                           ;
; INDATA_REG_B                       ; CLOCK1               ; Untyped                                                  ;
; WRCONTROL_WRADDRESS_REG_B          ; CLOCK1               ; Untyped                                                  ;
; RDCONTROL_REG_B                    ; CLOCK1               ; Untyped                                                  ;
; ADDRESS_REG_B                      ; CLOCK0               ; Untyped                                                  ;
; OUTDATA_REG_B                      ; CLOCK0               ; Untyped                                                  ;
; BYTEENA_REG_B                      ; CLOCK1               ; Untyped                                                  ;
; INDATA_ACLR_B                      ; NONE                 ; Untyped                                                  ;
; WRCONTROL_ACLR_B                   ; NONE                 ; Untyped                                                  ;
; ADDRESS_ACLR_B                     ; NONE                 ; Untyped                                                  ;
; OUTDATA_ACLR_B                     ; NONE                 ; Untyped                                                  ;
; RDCONTROL_ACLR_B                   ; NONE                 ; Untyped                                                  ;
; BYTEENA_ACLR_B                     ; NONE                 ; Untyped                                                  ;
; WIDTH_BYTEENA_A                    ; 1                    ; Signed Integer                                           ;
; WIDTH_BYTEENA_B                    ; 1                    ; Signed Integer                                           ;
; RAM_BLOCK_TYPE                     ; AUTO                 ; Untyped                                                  ;
; BYTE_SIZE                          ; 8                    ; Signed Integer                                           ;
; READ_DURING_WRITE_MODE_MIXED_PORTS ; OLD_DATA             ; Untyped                                                  ;
; READ_DURING_WRITE_MODE_PORT_A      ; NEW_DATA_NO_NBE_READ ; Untyped                                                  ;
; READ_DURING_WRITE_MODE_PORT_B      ; NEW_DATA_NO_NBE_READ ; Untyped                                                  ;
; INIT_FILE                          ; UNUSED               ; Untyped                                                  ;
; INIT_FILE_LAYOUT                   ; PORT_A               ; Untyped                                                  ;
; MAXIMUM_DEPTH                      ; 0                    ; Signed Integer                                           ;
; CLOCK_ENABLE_INPUT_A               ; BYPASS               ; Untyped                                                  ;
; CLOCK_ENABLE_INPUT_B               ; BYPASS               ; Untyped                                                  ;
; CLOCK_ENABLE_OUTPUT_A              ; NORMAL               ; Untyped                                                  ;
; CLOCK_ENABLE_OUTPUT_B              ; BYPASS               ; Untyped                                                  ;
; CLOCK_ENABLE_CORE_A                ; USE_INPUT_CLKEN      ; Untyped                                                  ;
; CLOCK_ENABLE_CORE_B                ; USE_INPUT_CLKEN      ; Untyped                                                  ;
; ENABLE_ECC                         ; FALSE                ; Untyped                                                  ;
; ECC_PIPELINE_STAGE_ENABLED         ; FALSE                ; Untyped                                                  ;
; WIDTH_ECCSTATUS                    ; 3                    ; Signed Integer                                           ;
; DEVICE_FAMILY                      ; MAX 10               ; Untyped                                                  ;
; CBXI_PARAMETER                     ; altsyncram_6fn3      ; Untyped                                                  ;
+------------------------------------+----------------------+----------------------------------------------------------+
Note: In order to hide this table in the UI and the text report file, please set the "Show Parameter Settings in Synthesis Report" option in "Analysis and Synthesis Settings -> More Settings" to "Off".


+---------------------------------------------------------------------------------------------------------------------+
; altsyncram Parameter Settings by Entity Instance                                                                    ;
+-------------------------------------------+-------------------------------------------------------------------------+
; Name                                      ; Value                                                                   ;
+-------------------------------------------+-------------------------------------------------------------------------+
; Number of entity instances                ; 1                                                                       ;
; Entity Instance                           ; Memoria:frame_buffer|Memory:Memory_inst|altsyncram:altsyncram_component ;
;     -- OPERATION_MODE                     ; DUAL_PORT                                                               ;
;     -- WIDTH_A                            ; 1                                                                       ;
;     -- NUMWORDS_A                         ; 307200                                                                  ;
;     -- OUTDATA_REG_A                      ; UNREGISTERED                                                            ;
;     -- WIDTH_B                            ; 1                                                                       ;
;     -- NUMWORDS_B                         ; 307200                                                                  ;
;     -- ADDRESS_REG_B                      ; CLOCK0                                                                  ;
;     -- OUTDATA_REG_B                      ; CLOCK0                                                                  ;
;     -- RAM_BLOCK_TYPE                     ; AUTO                                                                    ;
;     -- READ_DURING_WRITE_MODE_MIXED_PORTS ; OLD_DATA                                                                ;
+-------------------------------------------+-------------------------------------------------------------------------+


+---------------------------------------------------------------------+
; Port Connectivity Checks: "Memoria:frame_buffer|Memory:Memory_inst" ;
+------+-------+----------+-------------------------------------------+
; Port ; Type  ; Severity ; Details                                   ;
+------+-------+----------+-------------------------------------------+
; wren ; Input ; Info     ; Stuck at VCC                              ;
+------+-------+----------+-------------------------------------------+


+---------------------------------------------------------------------------------------------------------------------+
; Port Connectivity Checks: "Rxdata:rx_cam"                                                                           ;
+-----------+--------+----------+-------------------------------------------------------------------------------------+
; Port      ; Type   ; Severity ; Details                                                                             ;
+-----------+--------+----------+-------------------------------------------------------------------------------------+
; vsync_reg ; Output ; Info     ; Connected to dangling logic. Logic that only feeds a dangling port will be removed. ;
; href_reg  ; Output ; Info     ; Connected to dangling logic. Logic that only feeds a dangling port will be removed. ;
+-----------+--------+----------+-------------------------------------------------------------------------------------+


+-----------------------------------------------------+
; Post-Synthesis Netlist Statistics for Top Partition ;
+-----------------------+-----------------------------+
; Type                  ; Count                       ;
+-----------------------+-----------------------------+
; boundary_port         ; 27                          ;
; cycloneiii_ff         ; 166                         ;
;     ENA               ; 31                          ;
;     ENA SCLR          ; 19                          ;
;     SCLR              ; 15                          ;
;     plain             ; 101                         ;
; cycloneiii_lcell_comb ; 267                         ;
;     arith             ; 119                         ;
;         2 data inputs ; 98                          ;
;         3 data inputs ; 21                          ;
;     normal            ; 148                         ;
;         0 data inputs ; 2                           ;
;         1 data inputs ; 11                          ;
;         2 data inputs ; 9                           ;
;         3 data inputs ; 30                          ;
;         4 data inputs ; 96                          ;
; cycloneiii_ram_block  ; 38                          ;
;                       ;                             ;
; Max LUT depth         ; 8.30                        ;
; Average LUT depth     ; 3.37                        ;
+-----------------------+-----------------------------+


+-------------------------------+
; Elapsed Time Per Partition    ;
+----------------+--------------+
; Partition Name ; Elapsed Time ;
+----------------+--------------+
; Top            ; 00:00:01     ;
+----------------+--------------+


+-------------------------------+
; Analysis & Synthesis Messages ;
+-------------------------------+
Info: *******************************************************************
Info: Running Quartus Prime Analysis & Synthesis
    Info: Version 23.1std.1 Build 993 05/14/2024 SC Lite Edition
    Info: Processing started: Tue Apr 29 13:25:04 2025
Info: Command: quartus_map --read_settings_files=on --write_settings_files=off Main -c Main
Warning (18236): Number of processors has not been specified which may cause overloading on shared machines.  Set the global assignment NUM_PARALLEL_PROCESSORS in your QSF to an appropriate value for best performance.
Info (20030): Parallel compilation is enabled and will use 6 of the 6 processors detected
Info (12021): Found 2 design units, including 1 entities, in source file main.vhd
    Info (12022): Found design unit 1: Main-comp File: C:/FPGA/Proy(mod)/Main.vhd Line: 19
    Info (12023): Found entity 1: Main File: C:/FPGA/Proy(mod)/Main.vhd Line: 5
Info (12021): Found 2 design units, including 1 entities, in source file rxdata.vhd
    Info (12022): Found design unit 1: Rxdata-comp File: C:/FPGA/Proy(mod)/Rxdata.vhd Line: 21
    Info (12023): Found entity 1: Rxdata File: C:/FPGA/Proy(mod)/Rxdata.vhd Line: 5
Info (12021): Found 2 design units, including 1 entities, in source file memory.vhd
    Info (12022): Found design unit 1: memory-SYN File: C:/FPGA/Proy(mod)/Memory.vhd Line: 56
    Info (12023): Found entity 1: Memory File: C:/FPGA/Proy(mod)/Memory.vhd Line: 43
Info (12021): Found 2 design units, including 1 entities, in source file tb_main.vhd
    Info (12022): Found design unit 1: tb_Main-TB File: C:/FPGA/Proy(mod)/tb_main.vhd Line: 8
    Info (12023): Found entity 1: tb_Main File: C:/FPGA/Proy(mod)/tb_main.vhd Line: 5
Info (12127): Elaborating entity "Main" for the top level hierarchy
Warning (10036): Verilog HDL or VHDL warning at Main.vhd(38): object "VSYNC_reg" assigned a value but never read File: C:/FPGA/Proy(mod)/Main.vhd Line: 38
Warning (10036): Verilog HDL or VHDL warning at Main.vhd(38): object "HREF_reg" assigned a value but never read File: C:/FPGA/Proy(mod)/Main.vhd Line: 38
Info (12128): Elaborating entity "Rxdata" for hierarchy "Rxdata:rx_cam" File: C:/FPGA/Proy(mod)/Main.vhd Line: 85
Warning (12125): Using design file memoria.vhd, which is not specified as a design file for the current project, but contains definitions for 2 design units and 1 entities in project
    Info (12022): Found design unit 1: Memoria-comp File: C:/FPGA/Proy(mod)/memoria.vhd Line: 17
    Info (12023): Found entity 1: Memoria File: C:/FPGA/Proy(mod)/memoria.vhd Line: 5
Info (12128): Elaborating entity "Memoria" for hierarchy "Memoria:frame_buffer" File: C:/FPGA/Proy(mod)/Main.vhd Line: 100
Warning (10540): VHDL Signal Declaration warning at memoria.vhd(38): used explicit default value for signal "s_wr" because signal was never assigned a value File: C:/FPGA/Proy(mod)/memoria.vhd Line: 38
Info (12128): Elaborating entity "Memory" for hierarchy "Memoria:frame_buffer|Memory:Memory_inst" File: C:/FPGA/Proy(mod)/memoria.vhd Line: 76
Info (12128): Elaborating entity "altsyncram" for hierarchy "Memoria:frame_buffer|Memory:Memory_inst|altsyncram:altsyncram_component" File: C:/FPGA/Proy(mod)/Memory.vhd Line: 63
Info (12130): Elaborated megafunction instantiation "Memoria:frame_buffer|Memory:Memory_inst|altsyncram:altsyncram_component" File: C:/FPGA/Proy(mod)/Memory.vhd Line: 63
Info (12133): Instantiated megafunction "Memoria:frame_buffer|Memory:Memory_inst|altsyncram:altsyncram_component" with the following parameter: File: C:/FPGA/Proy(mod)/Memory.vhd Line: 63
    Info (12134): Parameter "address_aclr_a" = "UNUSED"
    Info (12134): Parameter "address_aclr_b" = "NONE"
    Info (12134): Parameter "address_reg_b" = "CLOCK0"
    Info (12134): Parameter "byte_size" = "8"
    Info (12134): Parameter "byteena_aclr_a" = "UNUSED"
    Info (12134): Parameter "byteena_aclr_b" = "NONE"
    Info (12134): Parameter "byteena_reg_b" = "CLOCK1"
    Info (12134): Parameter "clock_enable_core_a" = "USE_INPUT_CLKEN"
    Info (12134): Parameter "clock_enable_core_b" = "USE_INPUT_CLKEN"
    Info (12134): Parameter "clock_enable_input_a" = "BYPASS"
    Info (12134): Parameter "clock_enable_input_b" = "BYPASS"
    Info (12134): Parameter "clock_enable_output_a" = "NORMAL"
    Info (12134): Parameter "clock_enable_output_b" = "BYPASS"
    Info (12134): Parameter "intended_device_family" = "MAX 10"
    Info (12134): Parameter "ecc_pipeline_stage_enabled" = "FALSE"
    Info (12134): Parameter "enable_ecc" = "FALSE"
    Info (12134): Parameter "implement_in_les" = "OFF"
    Info (12134): Parameter "indata_aclr_a" = "UNUSED"
    Info (12134): Parameter "indata_aclr_b" = "NONE"
    Info (12134): Parameter "indata_reg_b" = "CLOCK1"
    Info (12134): Parameter "init_file" = "UNUSED"
    Info (12134): Parameter "init_file_layout" = "PORT_A"
    Info (12134): Parameter "maximum_depth" = "0"
    Info (12134): Parameter "numwords_a" = "307200"
    Info (12134): Parameter "numwords_b" = "307200"
    Info (12134): Parameter "operation_mode" = "DUAL_PORT"
    Info (12134): Parameter "outdata_aclr_a" = "NONE"
    Info (12134): Parameter "outdata_aclr_b" = "NONE"
    Info (12134): Parameter "outdata_reg_a" = "UNREGISTERED"
    Info (12134): Parameter "outdata_reg_b" = "CLOCK0"
    Info (12134): Parameter "power_up_uninitialized" = "FALSE"
    Info (12134): Parameter "ram_block_type" = "AUTO"
    Info (12134): Parameter "rdcontrol_aclr_b" = "NONE"
    Info (12134): Parameter "rdcontrol_reg_b" = "CLOCK1"
    Info (12134): Parameter "read_during_write_mode_mixed_ports" = "OLD_DATA"
    Info (12134): Parameter "read_during_write_mode_port_a" = "NEW_DATA_NO_NBE_READ"
    Info (12134): Parameter "read_during_write_mode_port_b" = "NEW_DATA_NO_NBE_READ"
    Info (12134): Parameter "stratixiv_m144k_allow_dual_clocks" = "ON"
    Info (12134): Parameter "width_a" = "1"
    Info (12134): Parameter "width_b" = "1"
    Info (12134): Parameter "width_byteena_a" = "1"
    Info (12134): Parameter "width_byteena_b" = "1"
    Info (12134): Parameter "width_eccstatus" = "3"
    Info (12134): Parameter "widthad_a" = "19"
    Info (12134): Parameter "widthad_b" = "19"
    Info (12134): Parameter "wrcontrol_aclr_a" = "UNUSED"
    Info (12134): Parameter "wrcontrol_aclr_b" = "NONE"
    Info (12134): Parameter "wrcontrol_wraddress_reg_b" = "CLOCK1"
    Info (12134): Parameter "lpm_hint" = "UNUSED"
    Info (12134): Parameter "lpm_type" = "altsyncram"
Info (12021): Found 1 design units, including 1 entities, in source file db/altsyncram_6fn3.tdf
    Info (12023): Found entity 1: altsyncram_6fn3 File: C:/FPGA/Proy(mod)/db/altsyncram_6fn3.tdf Line: 32
Info (12128): Elaborating entity "altsyncram_6fn3" for hierarchy "Memoria:frame_buffer|Memory:Memory_inst|altsyncram:altsyncram_component|altsyncram_6fn3:auto_generated" File: c:/intelfpga_lite/23.1std/quartus/libraries/megafunctions/altsyncram.tdf Line: 792
Info (12021): Found 1 design units, including 1 entities, in source file db/decode_79a.tdf
    Info (12023): Found entity 1: decode_79a File: C:/FPGA/Proy(mod)/db/decode_79a.tdf Line: 23
Info (12128): Elaborating entity "decode_79a" for hierarchy "Memoria:frame_buffer|Memory:Memory_inst|altsyncram:altsyncram_component|altsyncram_6fn3:auto_generated|decode_79a:decode2" File: C:/FPGA/Proy(mod)/db/altsyncram_6fn3.tdf Line: 44
Info (12021): Found 1 design units, including 1 entities, in source file db/mux_g3b.tdf
    Info (12023): Found entity 1: mux_g3b File: C:/FPGA/Proy(mod)/db/mux_g3b.tdf Line: 23
Info (12128): Elaborating entity "mux_g3b" for hierarchy "Memoria:frame_buffer|Memory:Memory_inst|altsyncram:altsyncram_component|altsyncram_6fn3:auto_generated|mux_g3b:mux3" File: C:/FPGA/Proy(mod)/db/altsyncram_6fn3.tdf Line: 45
Warning (12125): Using design file vga_controller.vhd, which is not specified as a design file for the current project, but contains definitions for 2 design units and 1 entities in project
    Info (12022): Found design unit 1: VGA_controller-comp File: C:/FPGA/Proy(mod)/vga_controller.vhd Line: 18
    Info (12023): Found entity 1: VGA_controller File: C:/FPGA/Proy(mod)/vga_controller.vhd Line: 5
Info (12128): Elaborating entity "VGA_controller" for hierarchy "VGA_controller:vga" File: C:/FPGA/Proy(mod)/Main.vhd Line: 111
Info (286030): Timing-Driven Synthesis is running
Info (17049): 7 registers lost all their fanouts during netlist optimizations.
Info (16010): Generating hard_block partition "hard_block:auto_generated_inst"
    Info (16011): Adding 0 node(s), including 0 DDIO, 0 PLL, 0 transceiver and 0 LCELL
Warning (21074): Design contains 7 input pin(s) that do not drive logic
    Warning (15610): No output dependent on input pin "D[6]" File: C:/FPGA/Proy(mod)/Main.vhd Line: 11
    Warning (15610): No output dependent on input pin "D[5]" File: C:/FPGA/Proy(mod)/Main.vhd Line: 11
    Warning (15610): No output dependent on input pin "D[4]" File: C:/FPGA/Proy(mod)/Main.vhd Line: 11
    Warning (15610): No output dependent on input pin "D[3]" File: C:/FPGA/Proy(mod)/Main.vhd Line: 11
    Warning (15610): No output dependent on input pin "D[2]" File: C:/FPGA/Proy(mod)/Main.vhd Line: 11
    Warning (15610): No output dependent on input pin "D[1]" File: C:/FPGA/Proy(mod)/Main.vhd Line: 11
    Warning (15610): No output dependent on input pin "D[0]" File: C:/FPGA/Proy(mod)/Main.vhd Line: 11
Info (21057): Implemented 412 device resources after synthesis - the final resource count might be different
    Info (21058): Implemented 12 input pins
    Info (21059): Implemented 15 output pins
    Info (21061): Implemented 347 logic cells
    Info (21064): Implemented 38 RAM segments
Info: Quartus Prime Analysis & Synthesis was successful. 0 errors, 14 warnings
    Info: Peak virtual memory: 4893 megabytes
    Info: Processing ended: Tue Apr 29 13:25:15 2025
    Info: Elapsed time: 00:00:11
    Info: Total CPU time (on all processors): 00:00:20


