Flow report for Main
Tue Apr 29 13:25:37 2025
Quartus Prime Version 23.1std.1 Build 993 05/14/2024 SC Lite Edition


---------------------
; Table of Contents ;
---------------------
  1. Legal Notice
  2. Flow Summary
  3. Flow Settings
  4. Flow Non-Default Global Settings
  5. Flow Elapsed Time
  6. Flow OS Summary
  7. Flow Log
  8. Flow Messages
  9. Flow Suppressed Messages



----------------
; Legal Notice ;
----------------
Copyright (C) 2024  Intel Corporation. All rights reserved.
Your use of Intel Corporation's design tools, logic functions 
and other software and tools, and any partner logic 
functions, and any output files from any of the foregoing 
(including device programming or simulation files), and any 
associated documentation or information are expressly subject 
to the terms and conditions of the Intel Program License 
Subscription Agreement, the Intel Quartus Prime License Agreement,
the Intel FPGA IP License Agreement, or other applicable license
agreement, including, without limitation, that your use is for
the sole purpose of programming logic devices manufactured by
Intel and sold by Intel or its authorized distributors.  Please
refer to the applicable agreement for further details, at
https://fpgasoftware.intel.com/eula.



+-------------------------------------------------------------------------------------+
; Flow Summary                                                                        ;
+------------------------------------+------------------------------------------------+
; Flow Status                        ; Successful - Tue Apr 29 13:25:37 2025          ;
; Quartus Prime Version              ; 23.1std.1 Build 993 05/14/2024 SC Lite Edition ;
; Revision Name                      ; Main                                           ;
; Top-level Entity Name              ; Main                                           ;
; Family                             ; MAX 10                                         ;
; Device                             ; 10M50DAF484C7G                                 ;
; Timing Models                      ; Final                                          ;
; Total logic elements               ; 313 / 49,760 ( < 1 % )                         ;
;     Total combinational functions  ; 268 / 49,760 ( < 1 % )                         ;
;     Dedicated logic registers      ; 166 / 49,760 ( < 1 % )                         ;
; Total registers                    ; 166                                            ;
; Total pins                         ; 27 / 360 ( 8 % )                               ;
; Total virtual pins                 ; 0                                              ;
; Total memory bits                  ; 307,200 / 1,677,312 ( 18 % )                   ;
; Embedded Multiplier 9-bit elements ; 0 / 288 ( 0 % )                                ;
; Total PLLs                         ; 0 / 4 ( 0 % )                                  ;
; UFM blocks                         ; 0 / 1 ( 0 % )                                  ;
; ADC blocks                         ; 0 / 2 ( 0 % )                                  ;
+------------------------------------+------------------------------------------------+


+-----------------------------------------+
; Flow Settings                           ;
+-------------------+---------------------+
; Option            ; Setting             ;
+-------------------+---------------------+
; Start date & time ; 04/29/2025 13:25:05 ;
; Main task         ; Compilation         ;
; Revision Name     ; Main                ;
+-------------------+---------------------+


+-------------------------------------------------------------------------------------------------------------------------------------------------+
; Flow Non-Default Global Settings                                                                                                                ;
+--------------------------------------+----------------------------------------+---------------+-------------+-----------------------------------+
; Assignment Name                      ; Value                                  ; Default Value ; Entity Name ; Section Id                        ;
+--------------------------------------+----------------------------------------+---------------+-------------+-----------------------------------+
; COMPILER_SIGNATURE_ID                ; 269058769616943.174592590518620        ; --            ; --          ; --                                ;
; EDA_DESIGN_INSTANCE_NAME             ; uut                                    ; --            ; --          ; tb_main                           ;
; EDA_GENERATE_FUNCTIONAL_NETLIST      ; Off                                    ; --            ; --          ; eda_board_design_timing           ;
; EDA_GENERATE_FUNCTIONAL_NETLIST      ; Off                                    ; --            ; --          ; eda_board_design_boundary_scan    ;
; EDA_GENERATE_FUNCTIONAL_NETLIST      ; Off                                    ; --            ; --          ; eda_board_design_signal_integrity ;
; EDA_GENERATE_FUNCTIONAL_NETLIST      ; Off                                    ; --            ; --          ; eda_board_design_symbol           ;
; EDA_NATIVELINK_SIMULATION_TEST_BENCH ; tb_main                                ; --            ; --          ; eda_simulation                    ;
; EDA_OUTPUT_DATA_FORMAT               ; Vhdl                                   ; --            ; --          ; eda_simulation                    ;
; EDA_SIMULATION_TOOL                  ; Questa Intel FPGA (VHDL)               ; <None>        ; --          ; --                                ;
; EDA_TEST_BENCH_ENABLE_STATUS         ; TEST_BENCH_MODE                        ; --            ; --          ; eda_simulation                    ;
; EDA_TEST_BENCH_FILE                  ; tb_main.vhd                            ; --            ; --          ; tb_main                           ;
; EDA_TEST_BENCH_MODULE_NAME           ; tb_main                                ; --            ; --          ; tb_main                           ;
; EDA_TEST_BENCH_NAME                  ; tb_main                                ; --            ; --          ; eda_simulation                    ;
; EDA_TEST_BENCH_RUN_SIM_FOR           ; 30 ms                                  ; --            ; --          ; tb_main                           ;
; EDA_TIME_SCALE                       ; 1 ps                                   ; --            ; --          ; eda_simulation                    ;
; MAX_CORE_JUNCTION_TEMP               ; 85                                     ; --            ; --          ; --                                ;
; MIN_CORE_JUNCTION_TEMP               ; 0                                      ; --            ; --          ; --                                ;
; MISC_FILE                            ; Memory_inst.vhd                        ; --            ; --          ; --                                ;
; MISC_FILE                            ; Memory.cmp                             ; --            ; --          ; --                                ;
; PARTITION_COLOR                      ; -- (Not supported for targeted family) ; --            ; --          ; Top                               ;
; PARTITION_FITTER_PRESERVATION_LEVEL  ; -- (Not supported for targeted family) ; --            ; --          ; Top                               ;
; PARTITION_NETLIST_TYPE               ; -- (Not supported for targeted family) ; --            ; --          ; Top                               ;
; POWER_BOARD_THERMAL_MODEL            ; None (CONSERVATIVE)                    ; --            ; --          ; --                                ;
; POWER_PRESET_COOLING_SOLUTION        ; 23 MM HEAT SINK WITH 200 LFPM AIRFLOW  ; --            ; --          ; --                                ;
; PROJECT_OUTPUT_DIRECTORY             ; output_files                           ; --            ; --          ; --                                ;
+--------------------------------------+----------------------------------------+---------------+-------------+-----------------------------------+


+--------------------------------------------------------------------------------------------------------------------------+
; Flow Elapsed Time                                                                                                        ;
+----------------------+--------------+-------------------------+---------------------+------------------------------------+
; Module Name          ; Elapsed Time ; Average Processors Used ; Peak Virtual Memory ; Total CPU Time (on all processors) ;
+----------------------+--------------+-------------------------+---------------------+------------------------------------+
; Analysis & Synthesis ; 00:00:11     ; 1.0                     ; 4893 MB             ; 00:00:20                           ;
; Fitter               ; 00:00:12     ; 1.2                     ; 5696 MB             ; 00:00:19                           ;
; Assembler            ; 00:00:03     ; 1.0                     ; 4823 MB             ; 00:00:03                           ;
; Timing Analyzer      ; 00:00:03     ; 1.4                     ; 4913 MB             ; 00:00:03                           ;
; EDA Netlist Writer   ; 00:00:00     ; 1.0                     ; 4677 MB             ; 00:00:01                           ;
; Total                ; 00:00:29     ; --                      ; --                  ; 00:00:46                           ;
+----------------------+--------------+-------------------------+---------------------+------------------------------------+


+------------------------------------------------------------------------------------+
; Flow OS Summary                                                                    ;
+----------------------+------------------+------------+------------+----------------+
; Module Name          ; Machine Hostname ; OS Name    ; OS Version ; Processor type ;
+----------------------+------------------+------------+------------+----------------+
; Analysis & Synthesis ; Rafa-PC-Casa     ; Windows 10 ; 10.0       ; x86_64         ;
; Fitter               ; Rafa-PC-Casa     ; Windows 10 ; 10.0       ; x86_64         ;
; Assembler            ; Rafa-PC-Casa     ; Windows 10 ; 10.0       ; x86_64         ;
; Timing Analyzer      ; Rafa-PC-Casa     ; Windows 10 ; 10.0       ; x86_64         ;
; EDA Netlist Writer   ; Rafa-PC-Casa     ; Windows 10 ; 10.0       ; x86_64         ;
+----------------------+------------------+------------+------------+----------------+


------------
; Flow Log ;
------------
quartus_map --read_settings_files=on --write_settings_files=off Main -c Main
quartus_fit --read_settings_files=off --write_settings_files=off Main -c Main
quartus_asm --read_settings_files=off --write_settings_files=off Main -c Main
quartus_sta Main -c Main
quartus_eda --read_settings_files=off --write_settings_files=off Main -c Main



